<?xml version="1.0" encoding="UTF-8"?>
<!-- Generated by org.testng.reporters.JUnitReportReporter -->
<testsuite hostname="DESKTOP-FC0ODHN" failures="0" tests="1" name="testlayer.YourAccountModule" time="29.962" errors="0" timestamp="2022-05-30T16:28:40 EDT" skipped="0">
  <testcase classname="testlayer.YourAccountModule" name="Account_module" time="29.962"/>
  <system-out/>
</testsuite> <!-- testlayer.YourAccountModule -->
