<?xml version="1.0" encoding="UTF-8"?>
<!-- Generated by org.testng.reporters.JUnitReportReporter -->
<testsuite hostname="DESKTOP-FC0ODHN" failures="0" tests="1" name="testlayer.Shopping_cart_test" time="32.633" errors="0" timestamp="2022-06-19T22:10:30 EDT" skipped="0">
  <testcase classname="testlayer.Shopping_cart_test" name="product_info_displayed" time="32.633"/>
  <system-out/>
</testsuite> <!-- testlayer.Shopping_cart_test -->
