<?xml version="1.0" encoding="UTF-8"?>
<!-- Generated by org.testng.reporters.JUnitReportReporter -->
<testsuite hostname="DESKTOP-FC0ODHN" failures="0" tests="7" name="testlayer.Signin_ExistingCx" time="103.245" errors="0" timestamp="2022-05-30T14:38:51 EDT" skipped="0">
  <testcase classname="testlayer.Signin_ExistingCx" name="Existing_User" time="15.227"/>
  <system-out/>
  <testcase classname="testlayer.Signin_ExistingCx" name="Existing_User" time="17.614"/>
  <system-out/>
  <testcase classname="testlayer.Signin_ExistingCx" name="Existing_User" time="20.490"/>
  <system-out/>
  <testcase classname="testlayer.Signin_ExistingCx" name="Existing_User" time="10.437"/>
  <system-out/>
  <testcase classname="testlayer.Signin_ExistingCx" name="Existing_User" time="10.302"/>
  <system-out/>
  <testcase classname="testlayer.Signin_ExistingCx" name="Existing_User" time="17.706"/>
  <system-out/>
  <testcase classname="testlayer.Signin_ExistingCx" name="Existing_User" time="11.469"/>
  <system-out/>
</testsuite> <!-- testlayer.Signin_ExistingCx -->
