<?xml version="1.0" encoding="UTF-8"?>
<!-- Generated by org.testng.reporters.JUnitReportReporter -->
<testsuite hostname="DESKTOP-FC0ODHN" failures="0" tests="1" name="testlayer.SRP_search" time="51.739" errors="0" timestamp="2022-06-19T19:11:47 EDT" skipped="0">
  <testcase classname="testlayer.SRP_search" name="pagination_test" time="51.739"/>
  <system-out/>
</testsuite> <!-- testlayer.SRP_search -->
