<?xml version="1.0" encoding="UTF-8"?>
<!-- Generated by org.testng.reporters.JUnitReportReporter -->
<testsuite hostname="DESKTOP-FC0ODHN" failures="0" tests="1" name="testlayer.Your_Payment_Test" time="28.132" errors="0" timestamp="2022-06-01T18:15:39 EDT" skipped="0">
  <testcase classname="testlayer.Your_Payment_Test" name="YourPayment_Module_Test" time="28.132"/>
  <system-out/>
</testsuite> <!-- testlayer.Your_Payment_Test -->
