<?xml version="1.0" encoding="UTF-8"?>
<!-- Generated by org.testng.reporters.JUnitReportReporter -->
<testsuite hostname="DESKTOP-FC0ODHN" failures="0" tests="1" name="testlayer.CreateAccount" time="0.000" errors="0" timestamp="2022-05-23T18:03:13 EDT" skipped="1">
  <testcase classname="testlayer.CreateAccount" name="TC001_Yourname_Field_Empty" time="0.000">
    <skipped/>
  </testcase> <!-- TC001_Yourname_Field_Empty -->
  <system-out/>
</testsuite> <!-- testlayer.CreateAccount -->
